<?xml version="1.0" encoding="UTF-8"?>
<testsuite xmlns:xsi="http://www.w3.org/2001/XMLSchema-instance" xsi:noNamespaceSchemaLocation="https://maven.apache.org/surefire/maven-surefire-plugin/xsd/surefire-test-report.xsd" name="com.example.shop_project_detail.controller.WatchlistControllerTest" time="1.984" tests="2" errors="0" skipped="0" failures="0">
  <properties>
[...]
</properties>
  <testcase name="addToWatchListTest" classname="com.example.shop_project_detail.controller.WatchlistControllerTest" time="0.013"/>
  <testcase name="testViewWatchList" classname="com.example.shop_project_detail.controller.WatchlistControllerTest" time="0.194"/>
</testsuite>